                                 Started job on |	Apr 04 23:45:58
                             Started mapping on |	Apr 04 23:46:21
                                    Finished on |	Apr 04 23:56:14
       Mapping speed, Million of reads per hour |	246.30

                          Number of input reads |	40571581
                      Average input read length |	297
                                    UNIQUE READS:
                   Uniquely mapped reads number |	37228589
                        Uniquely mapped reads % |	91.76%
                          Average mapped length |	293.88
                       Number of splices: Total |	28756221
            Number of splices: Annotated (sjdb) |	27551818
                       Number of splices: GT/AG |	28366847
                       Number of splices: GC/AG |	219938
                       Number of splices: AT/AC |	24839
               Number of splices: Non-canonical |	144597
                      Mismatch rate per base, % |	0.72%
                         Deletion rate per base |	0.07%
                        Deletion average length |	2.71
                        Insertion rate per base |	0.06%
                       Insertion average length |	2.18
                             MULTI-MAPPING READS:
        Number of reads mapped to multiple loci |	1133636
             % of reads mapped to multiple loci |	2.79%
        Number of reads mapped to too many loci |	96026
             % of reads mapped to too many loci |	0.24%
                                  UNMAPPED READS:
       % of reads unmapped: too many mismatches |	0.00%
                 % of reads unmapped: too short |	4.96%
                     % of reads unmapped: other |	0.25%
                                  CHIMERIC READS:
                       Number of chimeric reads |	0
                            % of chimeric reads |	0.00%
