                                 Started job on |	Aug 15 21:15:07
                             Started mapping on |	Aug 15 21:15:18
                                    Finished on |	Aug 15 21:20:02
       Mapping speed, Million of reads per hour |	588.94

                          Number of input reads |	46460807
                      Average input read length |	148
                                    UNIQUE READS:
                   Uniquely mapped reads number |	43451028
                        Uniquely mapped reads % |	93.52%
                          Average mapped length |	147.90
                       Number of splices: Total |	15675424
            Number of splices: Annotated (sjdb) |	15071058
                       Number of splices: GT/AG |	15443649
                       Number of splices: GC/AG |	124163
                       Number of splices: AT/AC |	15535
               Number of splices: Non-canonical |	92077
                      Mismatch rate per base, % |	0.65%
                         Deletion rate per base |	0.08%
                        Deletion average length |	2.70
                        Insertion rate per base |	0.07%
                       Insertion average length |	2.10
                             MULTI-MAPPING READS:
        Number of reads mapped to multiple loci |	1132245
             % of reads mapped to multiple loci |	2.44%
        Number of reads mapped to too many loci |	156227
             % of reads mapped to too many loci |	0.34%
                                  UNMAPPED READS:
       % of reads unmapped: too many mismatches |	0.00%
                 % of reads unmapped: too short |	3.35%
                     % of reads unmapped: other |	0.35%
                                  CHIMERIC READS:
                       Number of chimeric reads |	0
                            % of chimeric reads |	0.00%
