                                 Started job on |	Apr 04 23:56:23
                             Started mapping on |	Apr 04 23:56:34
                                    Finished on |	Apr 05 00:07:23
       Mapping speed, Million of reads per hour |	257.71

                          Number of input reads |	46459912
                      Average input read length |	297
                                    UNIQUE READS:
                   Uniquely mapped reads number |	42647265
                        Uniquely mapped reads % |	91.79%
                          Average mapped length |	293.42
                       Number of splices: Total |	31715044
            Number of splices: Annotated (sjdb) |	30556572
                       Number of splices: GT/AG |	31282132
                       Number of splices: GC/AG |	245165
                       Number of splices: AT/AC |	28739
               Number of splices: Non-canonical |	159008
                      Mismatch rate per base, % |	0.80%
                         Deletion rate per base |	0.07%
                        Deletion average length |	2.70
                        Insertion rate per base |	0.06%
                       Insertion average length |	2.17
                             MULTI-MAPPING READS:
        Number of reads mapped to multiple loci |	1293432
             % of reads mapped to multiple loci |	2.78%
        Number of reads mapped to too many loci |	118112
             % of reads mapped to too many loci |	0.25%
                                  UNMAPPED READS:
       % of reads unmapped: too many mismatches |	0.00%
                 % of reads unmapped: too short |	4.95%
                     % of reads unmapped: other |	0.22%
                                  CHIMERIC READS:
                       Number of chimeric reads |	0
                            % of chimeric reads |	0.00%
