                                 Started job on |	Aug 15 21:20:07
                             Started mapping on |	Aug 15 21:20:24
                                    Finished on |	Aug 15 21:25:33
       Mapping speed, Million of reads per hour |	609.22

                          Number of input reads |	52291591
                      Average input read length |	148
                                    UNIQUE READS:
                   Uniquely mapped reads number |	48857883
                        Uniquely mapped reads % |	93.43%
                          Average mapped length |	147.86
                       Number of splices: Total |	18525276
            Number of splices: Annotated (sjdb) |	17781129
                       Number of splices: GT/AG |	18254921
                       Number of splices: GC/AG |	150391
                       Number of splices: AT/AC |	18013
               Number of splices: Non-canonical |	101951
                      Mismatch rate per base, % |	0.64%
                         Deletion rate per base |	0.07%
                        Deletion average length |	2.68
                        Insertion rate per base |	0.06%
                       Insertion average length |	2.10
                             MULTI-MAPPING READS:
        Number of reads mapped to multiple loci |	1310982
             % of reads mapped to multiple loci |	2.51%
        Number of reads mapped to too many loci |	182325
             % of reads mapped to too many loci |	0.35%
                                  UNMAPPED READS:
       % of reads unmapped: too many mismatches |	0.00%
                 % of reads unmapped: too short |	3.36%
                     % of reads unmapped: other |	0.35%
                                  CHIMERIC READS:
                       Number of chimeric reads |	0
                            % of chimeric reads |	0.00%
