                                 Started job on |	Apr 05 00:07:33
                             Started mapping on |	Apr 05 00:07:43
                                    Finished on |	Apr 05 00:20:10
       Mapping speed, Million of reads per hour |	252.00

                          Number of input reads |	52290348
                      Average input read length |	296
                                    UNIQUE READS:
                   Uniquely mapped reads number |	47991423
                        Uniquely mapped reads % |	91.78%
                          Average mapped length |	293.38
                       Number of splices: Total |	37258997
            Number of splices: Annotated (sjdb) |	35828488
                       Number of splices: GT/AG |	36754557
                       Number of splices: GC/AG |	294710
                       Number of splices: AT/AC |	33145
               Number of splices: Non-canonical |	176585
                      Mismatch rate per base, % |	0.80%
                         Deletion rate per base |	0.07%
                        Deletion average length |	2.67
                        Insertion rate per base |	0.06%
                       Insertion average length |	2.17
                             MULTI-MAPPING READS:
        Number of reads mapped to multiple loci |	1470798
             % of reads mapped to multiple loci |	2.81%
        Number of reads mapped to too many loci |	128490
             % of reads mapped to too many loci |	0.25%
                                  UNMAPPED READS:
       % of reads unmapped: too many mismatches |	0.00%
                 % of reads unmapped: too short |	4.93%
                     % of reads unmapped: other |	0.23%
                                  CHIMERIC READS:
                       Number of chimeric reads |	0
                            % of chimeric reads |	0.00%
