                                 Started job on |	Apr 05 00:31:01
                             Started mapping on |	Apr 05 00:31:11
                                    Finished on |	Apr 05 00:41:36
       Mapping speed, Million of reads per hour |	266.82

                          Number of input reads |	46323169
                      Average input read length |	297
                                    UNIQUE READS:
                   Uniquely mapped reads number |	42692666
                        Uniquely mapped reads % |	92.16%
                          Average mapped length |	294.53
                       Number of splices: Total |	32932049
            Number of splices: Annotated (sjdb) |	31593146
                       Number of splices: GT/AG |	32484449
                       Number of splices: GC/AG |	256423
                       Number of splices: AT/AC |	28296
               Number of splices: Non-canonical |	162881
                      Mismatch rate per base, % |	0.68%
                         Deletion rate per base |	0.07%
                        Deletion average length |	2.68
                        Insertion rate per base |	0.06%
                       Insertion average length |	2.21
                             MULTI-MAPPING READS:
        Number of reads mapped to multiple loci |	1284614
             % of reads mapped to multiple loci |	2.77%
        Number of reads mapped to too many loci |	125839
             % of reads mapped to too many loci |	0.27%
                                  UNMAPPED READS:
       % of reads unmapped: too many mismatches |	0.00%
                 % of reads unmapped: too short |	4.54%
                     % of reads unmapped: other |	0.25%
                                  CHIMERIC READS:
                       Number of chimeric reads |	0
                            % of chimeric reads |	0.00%
