                                 Started job on |	Aug 15 21:34:35
                             Started mapping on |	Aug 15 21:34:46
                                    Finished on |	Aug 15 21:38:54
       Mapping speed, Million of reads per hour |	640.07

                          Number of input reads |	44093591
                      Average input read length |	148
                                    UNIQUE READS:
                   Uniquely mapped reads number |	41255813
                        Uniquely mapped reads % |	93.56%
                          Average mapped length |	148.00
                       Number of splices: Total |	15626236
            Number of splices: Annotated (sjdb) |	14953834
                       Number of splices: GT/AG |	15400239
                       Number of splices: GC/AG |	124897
                       Number of splices: AT/AC |	14798
               Number of splices: Non-canonical |	86302
                      Mismatch rate per base, % |	0.65%
                         Deletion rate per base |	0.07%
                        Deletion average length |	2.69
                        Insertion rate per base |	0.07%
                       Insertion average length |	2.13
                             MULTI-MAPPING READS:
        Number of reads mapped to multiple loci |	1056420
             % of reads mapped to multiple loci |	2.40%
        Number of reads mapped to too many loci |	169038
             % of reads mapped to too many loci |	0.38%
                                  UNMAPPED READS:
       % of reads unmapped: too many mismatches |	0.00%
                 % of reads unmapped: too short |	3.24%
                     % of reads unmapped: other |	0.42%
                                  CHIMERIC READS:
                       Number of chimeric reads |	0
                            % of chimeric reads |	0.00%
