                                 Started job on |	Apr 05 00:41:46
                             Started mapping on |	Apr 05 00:41:56
                                    Finished on |	Apr 05 00:52:02
       Mapping speed, Million of reads per hour |	261.93

                          Number of input reads |	44092270
                      Average input read length |	297
                                    UNIQUE READS:
                   Uniquely mapped reads number |	40637798
                        Uniquely mapped reads % |	92.17%
                          Average mapped length |	294.76
                       Number of splices: Total |	31854068
            Number of splices: Annotated (sjdb) |	30528799
                       Number of splices: GT/AG |	31423077
                       Number of splices: GC/AG |	250035
                       Number of splices: AT/AC |	27621
               Number of splices: Non-canonical |	153335
                      Mismatch rate per base, % |	0.67%
                         Deletion rate per base |	0.07%
                        Deletion average length |	2.69
                        Insertion rate per base |	0.06%
                       Insertion average length |	2.21
                             MULTI-MAPPING READS:
        Number of reads mapped to multiple loci |	1213286
             % of reads mapped to multiple loci |	2.75%
        Number of reads mapped to too many loci |	133760
             % of reads mapped to too many loci |	0.30%
                                  UNMAPPED READS:
       % of reads unmapped: too many mismatches |	0.00%
                 % of reads unmapped: too short |	4.49%
                     % of reads unmapped: other |	0.29%
                                  CHIMERIC READS:
                       Number of chimeric reads |	0
                            % of chimeric reads |	0.00%
