                                 Started job on |	Apr 05 00:52:11
                             Started mapping on |	Apr 05 00:52:21
                                    Finished on |	Apr 05 01:02:40
       Mapping speed, Million of reads per hour |	264.38

                          Number of input reads |	45459436
                      Average input read length |	297
                                    UNIQUE READS:
                   Uniquely mapped reads number |	41935936
                        Uniquely mapped reads % |	92.25%
                          Average mapped length |	294.87
                       Number of splices: Total |	32606996
            Number of splices: Annotated (sjdb) |	31272641
                       Number of splices: GT/AG |	32171313
                       Number of splices: GC/AG |	250934
                       Number of splices: AT/AC |	28145
               Number of splices: Non-canonical |	156604
                      Mismatch rate per base, % |	0.66%
                         Deletion rate per base |	0.07%
                        Deletion average length |	2.69
                        Insertion rate per base |	0.06%
                       Insertion average length |	2.20
                             MULTI-MAPPING READS:
        Number of reads mapped to multiple loci |	1231357
             % of reads mapped to multiple loci |	2.71%
        Number of reads mapped to too many loci |	138770
             % of reads mapped to too many loci |	0.31%
                                  UNMAPPED READS:
       % of reads unmapped: too many mismatches |	0.00%
                 % of reads unmapped: too short |	4.45%
                     % of reads unmapped: other |	0.29%
                                  CHIMERIC READS:
                       Number of chimeric reads |	0
                            % of chimeric reads |	0.00%
