                                 Started job on |	Aug 15 21:43:51
                             Started mapping on |	Aug 15 21:44:02
                                    Finished on |	Aug 15 21:49:21
       Mapping speed, Million of reads per hour |	608.44

                          Number of input reads |	53914220
                      Average input read length |	148
                                    UNIQUE READS:
                   Uniquely mapped reads number |	50355015
                        Uniquely mapped reads % |	93.40%
                          Average mapped length |	147.67
                       Number of splices: Total |	18859532
            Number of splices: Annotated (sjdb) |	18038408
                       Number of splices: GT/AG |	18585149
                       Number of splices: GC/AG |	146620
                       Number of splices: AT/AC |	18090
               Number of splices: Non-canonical |	109673
                      Mismatch rate per base, % |	0.67%
                         Deletion rate per base |	0.07%
                        Deletion average length |	2.71
                        Insertion rate per base |	0.07%
                       Insertion average length |	2.12
                             MULTI-MAPPING READS:
        Number of reads mapped to multiple loci |	1310951
             % of reads mapped to multiple loci |	2.43%
        Number of reads mapped to too many loci |	176969
             % of reads mapped to too many loci |	0.33%
                                  UNMAPPED READS:
       % of reads unmapped: too many mismatches |	0.00%
                 % of reads unmapped: too short |	3.48%
                     % of reads unmapped: other |	0.36%
                                  CHIMERIC READS:
                       Number of chimeric reads |	0
                            % of chimeric reads |	0.00%
