                                 Started job on |	Apr 05 01:02:49
                             Started mapping on |	Apr 05 01:03:07
                                    Finished on |	Apr 05 01:16:15
       Mapping speed, Million of reads per hour |	246.33

                          Number of input reads |	53918343
                      Average input read length |	296
                                    UNIQUE READS:
                   Uniquely mapped reads number |	49002313
                        Uniquely mapped reads % |	90.88%
                          Average mapped length |	292.24
                       Number of splices: Total |	37005083
            Number of splices: Annotated (sjdb) |	35466089
                       Number of splices: GT/AG |	36508476
                       Number of splices: GC/AG |	281013
                       Number of splices: AT/AC |	32639
               Number of splices: Non-canonical |	182955
                      Mismatch rate per base, % |	1.01%
                         Deletion rate per base |	0.07%
                        Deletion average length |	2.69
                        Insertion rate per base |	0.06%
                       Insertion average length |	2.18
                             MULTI-MAPPING READS:
        Number of reads mapped to multiple loci |	1479059
             % of reads mapped to multiple loci |	2.74%
        Number of reads mapped to too many loci |	125372
             % of reads mapped to too many loci |	0.23%
                                  UNMAPPED READS:
       % of reads unmapped: too many mismatches |	0.00%
                 % of reads unmapped: too short |	5.94%
                     % of reads unmapped: other |	0.20%
                                  CHIMERIC READS:
                       Number of chimeric reads |	0
                            % of chimeric reads |	0.00%
