                                 Started job on |	Aug 15 21:49:26
                             Started mapping on |	Aug 15 21:49:36
                                    Finished on |	Aug 15 21:53:38
       Mapping speed, Million of reads per hour |	616.91

                          Number of input reads |	41470209
                      Average input read length |	148
                                    UNIQUE READS:
                   Uniquely mapped reads number |	38452993
                        Uniquely mapped reads % |	92.72%
                          Average mapped length |	147.60
                       Number of splices: Total |	14048921
            Number of splices: Annotated (sjdb) |	13427001
                       Number of splices: GT/AG |	13841320
                       Number of splices: GC/AG |	111042
                       Number of splices: AT/AC |	13307
               Number of splices: Non-canonical |	83252
                      Mismatch rate per base, % |	0.65%
                         Deletion rate per base |	0.07%
                        Deletion average length |	2.68
                        Insertion rate per base |	0.06%
                       Insertion average length |	2.12
                             MULTI-MAPPING READS:
        Number of reads mapped to multiple loci |	1056148
             % of reads mapped to multiple loci |	2.55%
        Number of reads mapped to too many loci |	205820
             % of reads mapped to too many loci |	0.50%
                                  UNMAPPED READS:
       % of reads unmapped: too many mismatches |	0.00%
                 % of reads unmapped: too short |	3.67%
                     % of reads unmapped: other |	0.57%
                                  CHIMERIC READS:
                       Number of chimeric reads |	0
                            % of chimeric reads |	0.00%
