                                 Started job on |	Apr 05 01:16:25
                             Started mapping on |	Apr 05 01:16:36
                                    Finished on |	Apr 05 01:26:23
       Mapping speed, Million of reads per hour |	254.37

                          Number of input reads |	41475801
                      Average input read length |	296
                                    UNIQUE READS:
                   Uniquely mapped reads number |	37758549
                        Uniquely mapped reads % |	91.04%
                          Average mapped length |	293.30
                       Number of splices: Total |	28274817
            Number of splices: Annotated (sjdb) |	27066548
                       Number of splices: GT/AG |	27883655
                       Number of splices: GC/AG |	219390
                       Number of splices: AT/AC |	24823
               Number of splices: Non-canonical |	146949
                      Mismatch rate per base, % |	0.74%
                         Deletion rate per base |	0.07%
                        Deletion average length |	2.67
                        Insertion rate per base |	0.06%
                       Insertion average length |	2.19
                             MULTI-MAPPING READS:
        Number of reads mapped to multiple loci |	1209702
             % of reads mapped to multiple loci |	2.92%
        Number of reads mapped to too many loci |	165911
             % of reads mapped to too many loci |	0.40%
                                  UNMAPPED READS:
       % of reads unmapped: too many mismatches |	0.00%
                 % of reads unmapped: too short |	5.28%
                     % of reads unmapped: other |	0.37%
                                  CHIMERIC READS:
                       Number of chimeric reads |	0
                            % of chimeric reads |	0.00%
